<?xml version="1.0" encoding="UTF-8"?>
<!-- Generated by org.testng.reporters.JUnitXMLReporter -->
<testsuite ignored="0" hostname="DESKTOP-F0URKIS" failures="0" tests="3" name="Galaxy S5 test cases" time="71.809" errors="0" timestamp="02 Feb 2021 01:42:48 GMT">
  <testcase classname="com.romanceabroad.ui.ContactUsTests" name="testContactUs" time="15.477"/>
  <testcase classname="com.romanceabroad.ui.ContactUsTests" name="testContactUs" time="10.102"/>
  <testcase classname="com.romanceabroad.ui.ContactUsTests" name="testContactUs" time="8.423"/>
</testsuite> <!-- Galaxy S5 test cases -->
