<?xml version="1.0" encoding="UTF-8"?>
<!-- Generated by org.testng.reporters.JUnitXMLReporter -->
<testsuite ignored="0" hostname="DESKTOP-F0URKIS" failures="0" tests="3" name="iPhone X test cases" time="67.29" errors="0" timestamp="02 Feb 2021 01:41:36 GMT">
  <testcase classname="com.romanceabroad.ui.ContactUsTests" name="testContactUs" time="11.426"/>
  <testcase classname="com.romanceabroad.ui.ContactUsTests" name="testContactUs" time="8.988"/>
  <testcase classname="com.romanceabroad.ui.ContactUsTests" name="testContactUs" time="7.476"/>
</testsuite> <!-- iPhone X test cases -->
