<?xml version="1.0" encoding="UTF-8"?>
<!-- Generated by org.testng.reporters.JUnitXMLReporter -->
<testsuite ignored="0" hostname="DESKTOP-F0URKIS" failures="0" tests="3" name="Moto G4 test cases" time="65.138" errors="0" timestamp="02 Feb 2021 01:40:29 GMT">
  <testcase classname="com.romanceabroad.ui.ContactUsTests" name="testContactUs" time="9.021"/>
  <testcase classname="com.romanceabroad.ui.ContactUsTests" name="testContactUs" time="8.187"/>
  <testcase classname="com.romanceabroad.ui.ContactUsTests" name="testContactUs" time="7.887"/>
</testsuite> <!-- Moto G4 test cases -->
