<?xml version="1.0" encoding="UTF-8"?>
<!-- Generated by org.testng.reporters.JUnitXMLReporter -->
<testsuite ignored="0" hostname="DESKTOP-F0URKIS" failures="0" tests="3" name="Firefox Tests Cases" time="55.803" errors="0" timestamp="02 Feb 2021 00:56:50 GMT">
  <testcase classname="com.romanceabroad.ui.ContactUsTests" name="testContactUs" time="7.435"/>
  <testcase classname="com.romanceabroad.ui.ContactUsTests" name="testContactUs" time="7.502"/>
  <testcase classname="com.romanceabroad.ui.ContactUsTests" name="testContactUs" time="8.077"/>
</testsuite> <!-- Firefox Tests Cases -->
