<?xml version="1.0" encoding="UTF-8"?>
<!-- Generated by org.testng.reporters.JUnitXMLReporter -->
<testsuite ignored="0" hostname="DESKTOP-F0URKIS" failures="0" tests="3" name="Chrome Tests Cases" time="104.884" errors="0" timestamp="26 Jan 2021 18:18:36 GMT">
  <testcase classname="com.romanceabroad.ui.ContactUsTests" name="testContactUs" time="17.293"/>
  <testcase classname="com.romanceabroad.ui.ContactUsTests" name="testContactUs" time="18.252"/>
  <testcase classname="com.romanceabroad.ui.ContactUsTests" name="testContactUs" time="18.265"/>
</testsuite> <!-- Chrome Tests Cases -->
