<?xml version="1.0" encoding="UTF-8"?>
<!-- Generated by org.testng.reporters.JUnitXMLReporter -->
<testsuite ignored="1" hostname="DESKTOP-F0URKIS" failures="0" tests="12" name="Chrome Tests Cases" time="360.397" errors="0" timestamp="20 Jan 2021 19:04:03 GMT">
  <testcase classname="com.romanceabroad.ui.ContactUsTests" name="testContactUs" time="11.554"/>
  <testcase classname="com.romanceabroad.ui.ContactUsTests" name="testContactUs" time="7.96"/>
  <testcase classname="com.romanceabroad.ui.ContactUsTests" name="testContactUs" time="9.224"/>
  <testcase classname="com.romanceabroad.ui.MainTests" name="testSignInTest7" time="0.185"/>
  <testcase classname="com.romanceabroad.ui.PhotosTests" name="testPhotosLinksOnWebPage" time="5.62"/>
  <testcase classname="com.romanceabroad.ui.RegistrationTests" name="testRegistration" time="4.998"/>
  <testcase classname="com.romanceabroad.ui.SearchTests" name="testPrettyWomenPageTest12" time="67.061"/>
  <testcase classname="com.romanceabroad.ui.SingInTests" name="negativeTestsSingIn" time="12.262"/>
  <testcase classname="com.romanceabroad.ui.SingInTests" name="negativeTestsSingIn" time="11.156"/>
  <testcase classname="com.romanceabroad.ui.SingInTests" name="negativeTestsSingIn" time="11.379"/>
  <testcase classname="com.romanceabroad.ui.SingInTests" name="negativeTestsSingIn" time="11.224"/>
  <testcase classname="com.romanceabroad.ui.UserProfileTests" name="testUserProfile" time="54.038"/>
  <testcase classname="com.romanceabroad.ui.MainTests" name="testBlogPageTest9" time="0.0">
    <ignored/>
  </testcase> <!-- testBlogPageTest9 -->
</testsuite> <!-- Chrome Tests Cases -->
