<?xml version="1.0" encoding="UTF-8"?>
<!-- Generated by org.testng.reporters.JUnitXMLReporter -->
<testsuite ignored="0" hostname="DESKTOP-F0URKIS" failures="0" tests="6" name="Chrome Tests Cases" time="192.34" errors="0" timestamp="11 Jan 2021 23:33:08 GMT">
  <testcase classname="com.romanceabroad.ui.GiftsTests" name="testGiftsIconPageTest1" time="17.656"/>
  <testcase classname="com.romanceabroad.ui.GiftsTests" name="testGiftsIconPageTest1" time="23.425"/>
  <testcase classname="com.romanceabroad.ui.GiftsTests" name="testGiftsIconPageTest1" time="17.164"/>
  <testcase classname="com.romanceabroad.ui.GiftsTests" name="testGiftsIconPageTest1" time="20.341"/>
  <testcase classname="com.romanceabroad.ui.GiftsTests" name="testGiftsIconPageTest1" time="17.1"/>
  <testcase classname="com.romanceabroad.ui.GiftsTests" name="testGiftsBasketPageTest2" time="12.602"/>
</testsuite> <!-- Chrome Tests Cases -->
