<?xml version="1.0" encoding="UTF-8"?>
<testng-results ignored="0" total="1" passed="1" failed="0" skipped="0">
  <reporter-output>
  </reporter-output>
  <suite started-at="2021-01-20T16:26:03Z" name="TestSuite" finished-at="2021-01-20T16:26:25Z" duration-ms="22364">
    <groups>
      <group name="ie">
        <method signature="RegistrationTests.testRegistration(java.lang.String, java.lang.String, boolean)[pri:1, instance:com.romanceabroad.ui.RegistrationTests@6ad82709]" name="testRegistration" class="com.romanceabroad.ui.RegistrationTests"/>
      </group> <!-- ie -->
    </groups>
    <test started-at="2021-01-20T16:26:03Z" name="Chrome Tests Cases" finished-at="2021-01-20T16:26:25Z" duration-ms="22364">
      <class name="com.romanceabroad.ui.RegistrationTests">
        <test-method is-config="true" signature="setup(java.lang.String, java.lang.reflect.Method)[pri:0, instance:com.romanceabroad.ui.RegistrationTests@6ad82709]" started-at="2021-01-20T16:26:03Z" name="setup" finished-at="2021-01-20T16:26:19Z" duration-ms="16246" status="PASS">
          <params>
            <param index="0">
              <value>
                <![CDATA[chrome]]>
              </value>
            </param>
            <param index="1">
              <value>
                <![CDATA[public void com.romanceabroad.ui.RegistrationTests.testRegistration(java.lang.String,java.lang.String,boolean)]]>
              </value>
            </param>
          </params>
          <reporter-output>
          </reporter-output>
        </test-method> <!-- setup -->
        <test-method signature="testRegistration(java.lang.String, java.lang.String, boolean)[pri:1, instance:com.romanceabroad.ui.RegistrationTests@6ad82709]" started-at="2021-01-20T16:26:19Z" name="testRegistration" data-provider="JoinToday" finished-at="2021-01-20T16:26:24Z" duration-ms="4902" status="PASS">
          <params>
            <param index="0">
              <value>
                <![CDATA[111@gmail.com]]>
              </value>
            </param>
            <param index="1">
              <value>
                <![CDATA[Tatty87175]]>
              </value>
            </param>
            <param index="2">
              <value>
                <![CDATA[true]]>
              </value>
            </param>
          </params>
          <reporter-output>
          </reporter-output>
        </test-method> <!-- testRegistration -->
        <test-method is-config="true" signature="afterActions(org.testng.ITestResult)[pri:0, instance:com.romanceabroad.ui.RegistrationTests@6ad82709]" started-at="2021-01-20T16:26:24Z" name="afterActions" finished-at="2021-01-20T16:26:25Z" duration-ms="1145" status="PASS">
          <params>
            <param index="0">
              <value>
                <![CDATA[[TestResult name=testRegistration status=SUCCESS method=RegistrationTests.testRegistration(java.lang.String, java.lang.String, boolean)[pri:1, instance:com.romanceabroad.ui.RegistrationTests@6ad82709] output={null}]]]>
              </value>
            </param>
          </params>
          <reporter-output>
          </reporter-output>
        </test-method> <!-- afterActions -->
      </class> <!-- com.romanceabroad.ui.RegistrationTests -->
    </test> <!-- Chrome Tests Cases -->
  </suite> <!-- TestSuite -->
</testng-results>
