<?xml version="1.0" encoding="UTF-8"?>
<testng-results ignored="0" total="6" passed="6" failed="0" skipped="0">
  <reporter-output>
  </reporter-output>
  <suite started-at="2021-01-11T23:29:55Z" name="TestSuite" finished-at="2021-01-11T23:33:08Z" duration-ms="192340">
    <groups>
      <group name="ie">
        <method signature="GiftsTests.testGiftsIconPageTest1(java.lang.String)[pri:1, instance:com.romanceabroad.ui.GiftsTests@179ece50]" name="testGiftsIconPageTest1" class="com.romanceabroad.ui.GiftsTests"/>
      </group> <!-- ie -->
      <group name="user">
        <method signature="GiftsTests.testGiftsBasketPageTest2()[pri:2, instance:com.romanceabroad.ui.GiftsTests@179ece50]" name="testGiftsBasketPageTest2" class="com.romanceabroad.ui.GiftsTests"/>
      </group> <!-- user -->
    </groups>
    <test started-at="2021-01-11T23:29:55Z" name="Chrome Tests Cases" finished-at="2021-01-11T23:33:08Z" duration-ms="192340">
      <class name="com.romanceabroad.ui.GiftsTests">
        <test-method is-config="true" signature="setup(java.lang.String, java.lang.reflect.Method)[pri:0, instance:com.romanceabroad.ui.GiftsTests@179ece50]" started-at="2021-01-11T23:29:55Z" name="setup" finished-at="2021-01-11T23:30:12Z" duration-ms="16126" status="PASS">
          <params>
            <param index="0">
              <value>
                <![CDATA[chrome]]>
              </value>
            </param>
            <param index="1">
              <value>
                <![CDATA[public void com.romanceabroad.ui.GiftsTests.testGiftsIconPageTest1(java.lang.String)]]>
              </value>
            </param>
          </params>
          <reporter-output>
          </reporter-output>
        </test-method> <!-- setup -->
        <test-method signature="testGiftsIconPageTest1(java.lang.String)[pri:1, instance:com.romanceabroad.ui.GiftsTests@179ece50]" started-at="2021-01-11T23:30:12Z" name="testGiftsIconPageTest1" data-provider="InputsSearch" finished-at="2021-01-11T23:30:29Z" duration-ms="17656" status="PASS">
          <params>
            <param index="0">
              <value>
                <![CDATA[spa]]>
              </value>
            </param>
          </params>
          <reporter-output>
          </reporter-output>
        </test-method> <!-- testGiftsIconPageTest1 -->
        <test-method is-config="true" signature="afterActions()[pri:0, instance:com.romanceabroad.ui.GiftsTests@179ece50]" started-at="2021-01-11T23:30:29Z" name="afterActions" finished-at="2021-01-11T23:30:29Z" duration-ms="0" status="PASS">
          <reporter-output>
          </reporter-output>
        </test-method> <!-- afterActions -->
        <test-method is-config="true" signature="setup(java.lang.String, java.lang.reflect.Method)[pri:0, instance:com.romanceabroad.ui.GiftsTests@179ece50]" started-at="2021-01-11T23:30:29Z" name="setup" finished-at="2021-01-11T23:30:43Z" duration-ms="13607" status="PASS">
          <params>
            <param index="0">
              <value>
                <![CDATA[chrome]]>
              </value>
            </param>
            <param index="1">
              <value>
                <![CDATA[public void com.romanceabroad.ui.GiftsTests.testGiftsIconPageTest1(java.lang.String)]]>
              </value>
            </param>
          </params>
          <reporter-output>
          </reporter-output>
        </test-method> <!-- setup -->
        <test-method signature="testGiftsIconPageTest1(java.lang.String)[pri:1, instance:com.romanceabroad.ui.GiftsTests@179ece50]" started-at="2021-01-11T23:30:43Z" name="testGiftsIconPageTest1" data-provider="InputsSearch" finished-at="2021-01-11T23:31:06Z" duration-ms="23425" status="PASS">
          <params>
            <param index="0">
              <value>
                <![CDATA[Flowers]]>
              </value>
            </param>
          </params>
          <reporter-output>
          </reporter-output>
        </test-method> <!-- testGiftsIconPageTest1 -->
        <test-method is-config="true" signature="afterActions()[pri:0, instance:com.romanceabroad.ui.GiftsTests@179ece50]" started-at="2021-01-11T23:31:06Z" name="afterActions" finished-at="2021-01-11T23:31:06Z" duration-ms="0" status="PASS">
          <reporter-output>
          </reporter-output>
        </test-method> <!-- afterActions -->
        <test-method is-config="true" signature="setup(java.lang.String, java.lang.reflect.Method)[pri:0, instance:com.romanceabroad.ui.GiftsTests@179ece50]" started-at="2021-01-11T23:31:06Z" name="setup" finished-at="2021-01-11T23:31:20Z" duration-ms="13460" status="PASS">
          <params>
            <param index="0">
              <value>
                <![CDATA[chrome]]>
              </value>
            </param>
            <param index="1">
              <value>
                <![CDATA[public void com.romanceabroad.ui.GiftsTests.testGiftsIconPageTest1(java.lang.String)]]>
              </value>
            </param>
          </params>
          <reporter-output>
          </reporter-output>
        </test-method> <!-- setup -->
        <test-method signature="testGiftsIconPageTest1(java.lang.String)[pri:1, instance:com.romanceabroad.ui.GiftsTests@179ece50]" started-at="2021-01-11T23:31:20Z" name="testGiftsIconPageTest1" data-provider="InputsSearch" finished-at="2021-01-11T23:31:37Z" duration-ms="17164" status="PASS">
          <params>
            <param index="0">
              <value>
                <![CDATA[teddy]]>
              </value>
            </param>
          </params>
          <reporter-output>
          </reporter-output>
        </test-method> <!-- testGiftsIconPageTest1 -->
        <test-method is-config="true" signature="afterActions()[pri:0, instance:com.romanceabroad.ui.GiftsTests@179ece50]" started-at="2021-01-11T23:31:37Z" name="afterActions" finished-at="2021-01-11T23:31:37Z" duration-ms="1" status="PASS">
          <reporter-output>
          </reporter-output>
        </test-method> <!-- afterActions -->
        <test-method is-config="true" signature="setup(java.lang.String, java.lang.reflect.Method)[pri:0, instance:com.romanceabroad.ui.GiftsTests@179ece50]" started-at="2021-01-11T23:31:37Z" name="setup" finished-at="2021-01-11T23:31:51Z" duration-ms="14151" status="PASS">
          <params>
            <param index="0">
              <value>
                <![CDATA[chrome]]>
              </value>
            </param>
            <param index="1">
              <value>
                <![CDATA[public void com.romanceabroad.ui.GiftsTests.testGiftsIconPageTest1(java.lang.String)]]>
              </value>
            </param>
          </params>
          <reporter-output>
          </reporter-output>
        </test-method> <!-- setup -->
        <test-method signature="testGiftsIconPageTest1(java.lang.String)[pri:1, instance:com.romanceabroad.ui.GiftsTests@179ece50]" started-at="2021-01-11T23:31:51Z" name="testGiftsIconPageTest1" data-provider="InputsSearch" finished-at="2021-01-11T23:32:11Z" duration-ms="20341" status="PASS">
          <params>
            <param index="0">
              <value>
                <![CDATA[bear]]>
              </value>
            </param>
          </params>
          <reporter-output>
          </reporter-output>
        </test-method> <!-- testGiftsIconPageTest1 -->
        <test-method is-config="true" signature="afterActions()[pri:0, instance:com.romanceabroad.ui.GiftsTests@179ece50]" started-at="2021-01-11T23:32:11Z" name="afterActions" finished-at="2021-01-11T23:32:11Z" duration-ms="0" status="PASS">
          <reporter-output>
          </reporter-output>
        </test-method> <!-- afterActions -->
        <test-method is-config="true" signature="setup(java.lang.String, java.lang.reflect.Method)[pri:0, instance:com.romanceabroad.ui.GiftsTests@179ece50]" started-at="2021-01-11T23:32:11Z" name="setup" finished-at="2021-01-11T23:32:25Z" duration-ms="13234" status="PASS">
          <params>
            <param index="0">
              <value>
                <![CDATA[chrome]]>
              </value>
            </param>
            <param index="1">
              <value>
                <![CDATA[public void com.romanceabroad.ui.GiftsTests.testGiftsIconPageTest1(java.lang.String)]]>
              </value>
            </param>
          </params>
          <reporter-output>
          </reporter-output>
        </test-method> <!-- setup -->
        <test-method signature="testGiftsIconPageTest1(java.lang.String)[pri:1, instance:com.romanceabroad.ui.GiftsTests@179ece50]" started-at="2021-01-11T23:32:25Z" name="testGiftsIconPageTest1" data-provider="InputsSearch" finished-at="2021-01-11T23:32:42Z" duration-ms="17100" status="PASS">
          <params>
            <param index="0">
              <value>
                <![CDATA[Rose]]>
              </value>
            </param>
          </params>
          <reporter-output>
          </reporter-output>
        </test-method> <!-- testGiftsIconPageTest1 -->
        <test-method is-config="true" signature="afterActions()[pri:0, instance:com.romanceabroad.ui.GiftsTests@179ece50]" started-at="2021-01-11T23:32:42Z" name="afterActions" finished-at="2021-01-11T23:32:42Z" duration-ms="0" status="PASS">
          <reporter-output>
          </reporter-output>
        </test-method> <!-- afterActions -->
        <test-method is-config="true" signature="setup(java.lang.String, java.lang.reflect.Method)[pri:0, instance:com.romanceabroad.ui.GiftsTests@179ece50]" started-at="2021-01-11T23:32:42Z" name="setup" finished-at="2021-01-11T23:32:55Z" duration-ms="13394" status="PASS">
          <params>
            <param index="0">
              <value>
                <![CDATA[chrome]]>
              </value>
            </param>
            <param index="1">
              <value>
                <![CDATA[public void com.romanceabroad.ui.GiftsTests.testGiftsBasketPageTest2()]]>
              </value>
            </param>
          </params>
          <reporter-output>
          </reporter-output>
        </test-method> <!-- setup -->
        <test-method signature="testGiftsBasketPageTest2()[pri:2, instance:com.romanceabroad.ui.GiftsTests@179ece50]" started-at="2021-01-11T23:32:55Z" name="testGiftsBasketPageTest2" finished-at="2021-01-11T23:33:08Z" duration-ms="12602" status="PASS">
          <reporter-output>
          </reporter-output>
        </test-method> <!-- testGiftsBasketPageTest2 -->
        <test-method is-config="true" signature="afterActions()[pri:0, instance:com.romanceabroad.ui.GiftsTests@179ece50]" started-at="2021-01-11T23:33:08Z" name="afterActions" finished-at="2021-01-11T23:33:08Z" duration-ms="0" status="PASS">
          <reporter-output>
          </reporter-output>
        </test-method> <!-- afterActions -->
      </class> <!-- com.romanceabroad.ui.GiftsTests -->
    </test> <!-- Chrome Tests Cases -->
  </suite> <!-- TestSuite -->
</testng-results>
